[23:01:52] [ServerMain/INFO]: Environment: Environment[sessionHost=https://sessionserver.mojang.com, servicesHost=https://api.minecraftservices.com, name=PROD]
[23:01:54] [ServerMain/INFO]: No existing world data, creating new world
[23:01:57] [ServerMain/INFO]: Loaded 1373 recipes
[23:01:57] [ServerMain/INFO]: Loaded 1484 advancements
[23:01:57] [Server thread/INFO]: Starting minecraft server version 1.21.5
[23:01:57] [Server thread/INFO]: Loading properties
[23:01:57] [Server thread/INFO]: Default game type: SURVIVAL
[23:01:57] [Server thread/INFO]: Generating keypair
[23:01:57] [Server thread/INFO]: Starting Minecraft server on *:25565
[23:01:58] [Server thread/INFO]: Using epoll channel type
[23:01:58] [Server thread/WARN]: **** SERVER IS RUNNING IN OFFLINE/INSECURE MODE!
[23:01:58] [Server thread/WARN]: The server will make no attempt to authenticate usernames. Beware.
[23:01:58] [Server thread/WARN]: While this makes the game possible to play without internet access, it also opens up the ability for hackers to connect with any username they choose.
[23:01:58] [Server thread/WARN]: To change this, set "online-mode" to "true" in the server.properties file.
[23:01:58] [Server thread/INFO]: Preparing level "world"
[23:02:15] [Server thread/INFO]: Preparing start region for dimension minecraft:overworld
[23:02:15] [Worker-Main-3/INFO]: Preparing spawn area: 2%
[23:02:16] [Worker-Main-3/INFO]: Preparing spawn area: 2%
[23:02:16] [Worker-Main-3/INFO]: Preparing spawn area: 2%
[23:02:17] [Worker-Main-3/INFO]: Preparing spawn area: 2%
[23:02:17] [Worker-Main-3/INFO]: Preparing spawn area: 2%
[23:02:17] [Worker-Main-3/INFO]: Preparing spawn area: 2%
[23:02:18] [Worker-Main-3/INFO]: Preparing spawn area: 2%
[23:02:19] [Worker-Main-3/INFO]: Preparing spawn area: 2%
[23:02:19] [Worker-Main-3/INFO]: Preparing spawn area: 2%
[23:02:20] [Worker-Main-3/INFO]: Preparing spawn area: 2%
[23:02:20] [Worker-Main-3/INFO]: Preparing spawn area: 2%
[23:02:20] [Worker-Main-3/INFO]: Preparing spawn area: 2%
[23:02:21] [Worker-Main-3/INFO]: Preparing spawn area: 2%
[23:02:21] [Worker-Main-3/INFO]: Preparing spawn area: 2%
[23:02:22] [Worker-Main-3/INFO]: Preparing spawn area: 2%
[23:02:23] [Worker-Main-3/INFO]: Preparing spawn area: 2%
[23:02:23] [Worker-Main-3/INFO]: Preparing spawn area: 2%
[23:02:23] [Worker-Main-3/INFO]: Preparing spawn area: 2%
[23:02:24] [Worker-Main-3/INFO]: Preparing spawn area: 2%
[23:02:25] [Worker-Main-3/INFO]: Preparing spawn area: 2%
[23:02:25] [Worker-Main-3/INFO]: Preparing spawn area: 2%
[23:02:25] [Worker-Main-3/INFO]: Preparing spawn area: 2%
[23:02:26] [Server thread/INFO]: Time elapsed: 10931 ms
[23:02:26] [Server thread/INFO]: Done (28.022s)! For help, type "help"
[23:03:20] [Server thread/INFO]: Unknown or incomplete command, see below for error
[23:03:20] [Server thread/INFO]: b<--[HERE]
[23:03:26] [Server thread/INFO]: Server empty for 60 seconds, pausing
[23:06:41] [Server thread/INFO]: Unknown or incomplete command, see below for error
[23:06:41] [Server thread/INFO]: lobby<--[HERE]
[23:06:47] [Server thread/INFO]: Unknown or incomplete command, see below for error
[23:06:47] [Server thread/INFO]: start<--[HERE]
[23:06:54] [Server thread/INFO]: Unknown or incomplete command, see below for error
[23:06:54] [Server thread/INFO]: start<--[HERE]
[23:07:23] [Server thread/INFO]: /advancement (grant|revoke)
[23:07:23] [Server thread/INFO]: /attribute <target> <attribute> (get|base|modifier)
[23:07:23] [Server thread/INFO]: /execute (run|if|unless|as|at|store|positioned|rotated|facing|align|anchored|in|summon|on)
[23:07:23] [Server thread/INFO]: /bossbar (add|remove|list|set|get)
[23:07:23] [Server thread/INFO]: /clear [<targets>]
[23:07:23] [Server thread/INFO]: /clone (<begin>|from)
[23:07:23] [Server thread/INFO]: /damage <target> <amount> [<damageType>]
[23:07:23] [Server thread/INFO]: /data (merge|get|remove|modify)
[23:07:23] [Server thread/INFO]: /datapack (enable|disable|list)
[23:07:23] [Server thread/INFO]: /debug (start|stop|function)
[23:07:23] [Server thread/INFO]: /defaultgamemode <gamemode>
[23:07:23] [Server thread/INFO]: /difficulty [peaceful|easy|normal|hard]
[23:07:23] [Server thread/INFO]: /effect (clear|give)
[23:07:23] [Server thread/INFO]: /me <action>
[23:07:23] [Server thread/INFO]: /enchant <targets> <enchantment> [<level>]
[23:07:23] [Server thread/INFO]: /experience (add|set|query)
[23:07:23] [Server thread/INFO]: /xp -> experience
[23:07:23] [Server thread/INFO]: /fill <from> <to> <block> [outline|hollow|destroy|strict|replace|keep]
[23:07:23] [Server thread/INFO]: /fillbiome <from> <to> <biome> [replace]
[23:07:23] [Server thread/INFO]: /forceload (add|remove|query)
[23:07:23] [Server thread/INFO]: /function <name> [<arguments>|with]
[23:07:23] [Server thread/INFO]: /gamemode <gamemode> [<target>]
[23:07:23] [Server thread/INFO]: /gamerule (allowFireTicksAwayFromPlayer|announceAdvancements|blockExplosionDropDecay|commandBlockOutput|commandModificationBlockLimit|disableElytraMovementCheck|disablePlayerMovementCheck|disableRaids|doDaylightCycle|doEntityDrops|doFireTick|doImmediateRespawn|doInsomnia|doLimitedCrafting|doMobLoot|doMobSpawning|doPatrolSpawning|doTileDrops|doTraderSpawning|doVinesSpread|doWardenSpawning|doWeatherCycle|drowningDamage|enderPearlsVanishOnDeath|fallDamage|fireDamage|forgiveDeadPlayers|freezeDamage|globalSoundEvents|keepInventory|lavaSourceConversion|logAdminCommands|maxCommandChainLength|maxCommandForkCount|maxEntityCramming|mobExplosionDropDecay|mobGriefing|naturalRegeneration|playersNetherPortalCreativeDelay|playersNetherPortalDefaultDelay|playersSleepingPercentage|projectilesCanBreakBlocks|randomTickSpeed|reducedDebugInfo|sendCommandFeedback|showDeathMessages|snowAccumulationHeight|spawnChunkRadius|spawnRadius|spectatorsGenerateChunks|tntExplodes|tntExplosionDropDecay|universalAnger|waterSourceConversion)
[23:07:23] [Server thread/INFO]: /give <targets> <item> [<count>]
[23:07:23] [Server thread/INFO]: /help [<command>]
[23:07:23] [Server thread/INFO]: /item (replace|modify)
[23:07:23] [Server thread/INFO]: /kick <targets> [<reason>]
[23:07:23] [Server thread/INFO]: /kill [<targets>]
[23:07:23] [Server thread/INFO]: /list [uuids]
[23:07:23] [Server thread/INFO]: /locate (structure|biome|poi)
[23:07:23] [Server thread/INFO]: /loot (replace|insert|give|spawn)
[23:07:23] [Server thread/INFO]: /msg <targets> <message>
[23:07:23] [Server thread/INFO]: /tell -> msg
[23:07:23] [Server thread/INFO]: /w -> msg
[23:07:23] [Server thread/INFO]: /particle <name> [<pos>]
[23:07:23] [Server thread/INFO]: /place (feature|jigsaw|structure|template)
[23:07:23] [Server thread/INFO]: /playsound <sound> [master|music|record|weather|block|hostile|neutral|player|ambient|voice]
[23:07:23] [Server thread/INFO]: /random (value|roll|reset)
[23:07:23] [Server thread/INFO]: /reload
[23:07:23] [Server thread/INFO]: /recipe (give|take)
[23:07:23] [Server thread/INFO]: /return (<value>|fail|run)
[23:07:23] [Server thread/INFO]: /ride <target> (mount|dismount)
[23:07:23] [Server thread/INFO]: /rotate <target> (<rotation>|facing)
[23:07:23] [Server thread/INFO]: /say <message>
[23:07:23] [Server thread/INFO]: /schedule (function|clear)
[23:07:23] [Server thread/INFO]: /scoreboard (objectives|players)
[23:07:23] [Server thread/INFO]: /seed
[23:07:23] [Server thread/INFO]: /setblock <pos> <block> [destroy|keep|replace|strict]
[23:07:23] [Server thread/INFO]: /spawnpoint [<targets>]
[23:07:23] [Server thread/INFO]: /setworldspawn [<pos>]
[23:07:23] [Server thread/INFO]: /spectate [<target>]
[23:07:23] [Server thread/INFO]: /spreadplayers <center> <spreadDistance> <maxRange> (<respectTeams>|under)
[23:07:23] [Server thread/INFO]: /stopsound <targets> [*|master|music|record|weather|block|hostile|neutral|player|ambient|voice]
[23:07:23] [Server thread/INFO]: /summon <entity> [<pos>]
[23:07:23] [Server thread/INFO]: /tag <targets> (add|remove|list)
[23:07:23] [Server thread/INFO]: /team (list|add|remove|empty|join|leave|modify)
[23:07:23] [Server thread/INFO]: /teammsg <message>
[23:07:23] [Server thread/INFO]: /tm -> teammsg
[23:07:23] [Server thread/INFO]: /teleport (<location>|<destination>|<targets>)
[23:07:23] [Server thread/INFO]: /tp -> teleport
[23:07:23] [Server thread/INFO]: /tellraw <targets> <message>
[23:07:23] [Server thread/INFO]: /test (run|runmultiple|runthese|runclosest|runthat|runfailed|verify|locate|resetclosest|resetthese|resetthat|clearthat|clearthese|clearall|stop|pos|create)
[23:07:23] [Server thread/INFO]: /tick (query|rate|step|sprint|unfreeze|freeze)
[23:07:23] [Server thread/INFO]: /time (set|add|query)
[23:07:23] [Server thread/INFO]: /title <targets> (clear|reset|title|subtitle|actionbar|times)
[23:07:23] [Server thread/INFO]: /trigger <objective> [add|set]
[23:07:23] [Server thread/INFO]: /weather (clear|rain|thunder)
[23:07:23] [Server thread/INFO]: /worldborder (add|set|center|damage|get|warning)
[23:07:23] [Server thread/INFO]: /jfr (start|stop)
[23:07:23] [Server thread/INFO]: /ban-ip <target> [<reason>]
[23:07:23] [Server thread/INFO]: /banlist [ips|players]
[23:07:23] [Server thread/INFO]: /ban <targets> [<reason>]
[23:07:23] [Server thread/INFO]: /deop <targets>
[23:07:23] [Server thread/INFO]: /op <targets>
[23:07:23] [Server thread/INFO]: /pardon <targets>
[23:07:23] [Server thread/INFO]: /pardon-ip <target>
[23:07:23] [Server thread/INFO]: /perf (start|stop)
[23:07:23] [Server thread/INFO]: /save-all [flush]
[23:07:23] [Server thread/INFO]: /save-off
[23:07:23] [Server thread/INFO]: /save-on
[23:07:23] [Server thread/INFO]: /setidletimeout <minutes>
[23:07:23] [Server thread/INFO]: /stop
[23:07:23] [Server thread/INFO]: /transfer <hostname> [<port>]
[23:07:23] [Server thread/INFO]: /whitelist (on|off|list|add|remove|reload)
